[1207/113758.106:ERROR:crash_report_database_win.cc(585)] GetFileAttributes C:\Users\99002509\AppData\Local\Temp\scoped_dir13820_1373547694\Crashpad: The system cannot find the file specified. (0x2)
[1207/140302.393:ERROR:crash_report_database_win.cc(585)] GetFileAttributes C:\Users\99002509\AppData\Local\Temp\scoped_dir17784_1902308661\Crashpad: The system cannot find the file specified. (0x2)
[1207/140456.004:ERROR:crash_report_database_win.cc(585)] GetFileAttributes C:\Users\99002509\AppData\Local\Temp\scoped_dir17376_106009200\Crashpad: The system cannot find the file specified. (0x2)
[1207/140711.069:ERROR:crash_report_database_win.cc(585)] GetFileAttributes C:\Users\99002509\AppData\Local\Temp\scoped_dir16424_1075496886\Crashpad: The system cannot find the file specified. (0x2)
[1207/141141.594:ERROR:crash_report_database_win.cc(585)] GetFileAttributes C:\Users\99002509\AppData\Local\Temp\scoped_dir16472_1509697907\Crashpad: The system cannot find the file specified. (0x2)
[1207/141217.303:ERROR:crash_report_database_win.cc(585)] GetFileAttributes C:\Users\99002509\AppData\Local\Temp\scoped_dir3532_1741851466\Crashpad: The system cannot find the file specified. (0x2)
[1207/141412.938:ERROR:crash_report_database_win.cc(585)] GetFileAttributes C:\Users\99002509\AppData\Local\Temp\scoped_dir4200_1381487443\Crashpad: The system cannot find the file specified. (0x2)
[1207/141451.196:ERROR:crash_report_database_win.cc(585)] GetFileAttributes C:\Users\99002509\AppData\Local\Temp\scoped_dir1284_978878628\Crashpad: The system cannot find the file specified. (0x2)
[1207/141621.151:ERROR:crash_report_database_win.cc(585)] GetFileAttributes C:\Users\99002509\AppData\Local\Temp\scoped_dir9412_784150230\Crashpad: The system cannot find the file specified. (0x2)
[1207/141715.504:ERROR:crash_report_database_win.cc(585)] GetFileAttributes C:\Users\99002509\AppData\Local\Temp\scoped_dir1816_2097336667\Crashpad: The system cannot find the file specified. (0x2)
[1207/141753.696:ERROR:crash_report_database_win.cc(585)] GetFileAttributes C:\Users\99002509\AppData\Local\Temp\scoped_dir7276_1883326436\Crashpad: The system cannot find the file specified. (0x2)
[1207/142706.017:ERROR:crash_report_database_win.cc(585)] GetFileAttributes C:\Users\99002509\AppData\Local\Temp\scoped_dir14908_1736081393\Crashpad: The system cannot find the file specified. (0x2)
[1207/142922.526:ERROR:crash_report_database_win.cc(585)] GetFileAttributes C:\Users\99002509\AppData\Local\Temp\scoped_dir18120_1249324331\Crashpad: The system cannot find the file specified. (0x2)
[1207/143044.679:ERROR:crash_report_database_win.cc(585)] GetFileAttributes C:\Users\99002509\AppData\Local\Temp\scoped_dir16588_35421851\Crashpad: The system cannot find the file specified. (0x2)
[1207/143109.621:ERROR:crash_report_database_win.cc(585)] GetFileAttributes C:\Users\99002509\AppData\Local\Temp\scoped_dir6636_1037332591\Crashpad: The system cannot find the file specified. (0x2)
[1207/143227.037:ERROR:crash_report_database_win.cc(585)] GetFileAttributes C:\Users\99002509\AppData\Local\Temp\scoped_dir1816_1159991315\Crashpad: The system cannot find the file specified. (0x2)
[1207/143324.183:ERROR:crash_report_database_win.cc(585)] GetFileAttributes C:\Users\99002509\AppData\Local\Temp\scoped_dir13764_1328236983\Crashpad: The system cannot find the file specified. (0x2)
[1207/143635.833:ERROR:crash_report_database_win.cc(585)] GetFileAttributes C:\Users\99002509\AppData\Local\Temp\scoped_dir6680_905577734\Crashpad: The system cannot find the file specified. (0x2)
[1207/144508.858:ERROR:crash_report_database_win.cc(585)] GetFileAttributes C:\Users\99002509\AppData\Local\Temp\scoped_dir3848_223233647\Crashpad: The system cannot find the file specified. (0x2)
[1207/145400.110:ERROR:crash_report_database_win.cc(585)] GetFileAttributes C:\Users\99002509\AppData\Local\Temp\scoped_dir12376_1546220132\Crashpad: The system cannot find the file specified. (0x2)
[1207/145422.563:ERROR:crash_report_database_win.cc(585)] GetFileAttributes C:\Users\99002509\AppData\Local\Temp\scoped_dir15700_850160927\Crashpad: The system cannot find the file specified. (0x2)
[1207/145553.486:ERROR:directory_reader_win.cc(43)] FindFirstFile: The system cannot find the path specified. (0x3)
[1207/153234.726:ERROR:crash_report_database_win.cc(585)] GetFileAttributes C:\Users\99002509\AppData\Local\Temp\scoped_dir7888_947959748\Crashpad: The system cannot find the file specified. (0x2)
[1207/155200.289:ERROR:crash_report_database_win.cc(585)] GetFileAttributes C:\Users\99002509\AppData\Local\Temp\scoped_dir2852_1037332388\Crashpad: The system cannot find the file specified. (0x2)
[1207/155235.472:ERROR:crash_report_database_win.cc(585)] GetFileAttributes C:\Users\99002509\AppData\Local\Temp\scoped_dir2208_582951927\Crashpad: The system cannot find the file specified. (0x2)
[1207/155346.824:ERROR:crash_report_database_win.cc(585)] GetFileAttributes C:\Users\99002509\AppData\Local\Temp\scoped_dir10500_948906660\Crashpad: The system cannot find the file specified. (0x2)
[1207/155937.837:ERROR:crash_report_database_win.cc(585)] GetFileAttributes C:\Users\99002509\AppData\Local\Temp\scoped_dir16928_1099795083\Crashpad: The system cannot find the file specified. (0x2)
[1207/160416.751:ERROR:crash_report_database_win.cc(585)] GetFileAttributes C:\Users\99002509\AppData\Local\Temp\scoped_dir9040_599511376\Crashpad: The system cannot find the file specified. (0x2)
[1207/160612.952:ERROR:crash_report_database_win.cc(585)] GetFileAttributes C:\Users\99002509\AppData\Local\Temp\scoped_dir1976_557971718\Crashpad: The system cannot find the file specified. (0x2)
[1207/160702.404:ERROR:crash_report_database_win.cc(585)] GetFileAttributes C:\Users\99002509\AppData\Local\Temp\scoped_dir16212_1810648316\Crashpad: The system cannot find the file specified. (0x2)
[1207/161117.065:ERROR:crash_report_database_win.cc(585)] GetFileAttributes C:\Users\99002509\AppData\Local\Temp\scoped_dir18344_978794220\Crashpad: The system cannot find the file specified. (0x2)
[1207/161235.212:ERROR:crash_report_database_win.cc(585)] GetFileAttributes C:\Users\99002509\AppData\Local\Temp\scoped_dir1828_1258538241\Crashpad: The system cannot find the file specified. (0x2)
[1207/161325.726:ERROR:crash_report_database_win.cc(585)] GetFileAttributes C:\Users\99002509\AppData\Local\Temp\scoped_dir14420_371677816\Crashpad: The system cannot find the file specified. (0x2)
[1207/164651.030:ERROR:crash_report_database_win.cc(585)] GetFileAttributes C:\Users\99002509\AppData\Local\Temp\scoped_dir12088_382525020\Crashpad: The system cannot find the file specified. (0x2)
[1207/164717.559:ERROR:crash_report_database_win.cc(585)] GetFileAttributes C:\Users\99002509\AppData\Local\Temp\scoped_dir8672_1261858704\Crashpad: The system cannot find the file specified. (0x2)
[1207/165109.770:ERROR:crash_report_database_win.cc(585)] GetFileAttributes C:\Users\99002509\AppData\Local\Temp\scoped_dir14460_66614405\Crashpad: The system cannot find the file specified. (0x2)
[1207/165130.539:ERROR:crash_report_database_win.cc(585)] GetFileAttributes C:\Users\99002509\AppData\Local\Temp\scoped_dir3264_663689719\Crashpad: The system cannot find the file specified. (0x2)
[1207/165843.202:ERROR:crash_report_database_win.cc(585)] GetFileAttributes C:\Users\99002509\AppData\Local\Temp\scoped_dir15204_1931008193\Crashpad: The system cannot find the file specified. (0x2)
[1207/165906.195:ERROR:crash_report_database_win.cc(585)] GetFileAttributes C:\Users\99002509\AppData\Local\Temp\scoped_dir14388_151913102\Crashpad: The system cannot find the file specified. (0x2)
[1207/165932.670:ERROR:crash_report_database_win.cc(585)] GetFileAttributes C:\Users\99002509\AppData\Local\Temp\scoped_dir12252_1627367092\Crashpad: The system cannot find the file specified. (0x2)
[1207/170212.329:ERROR:crash_report_database_win.cc(585)] GetFileAttributes C:\Users\99002509\AppData\Local\Temp\scoped_dir14460_1477311840\Crashpad: The system cannot find the file specified. (0x2)
[1207/170408.774:ERROR:crash_report_database_win.cc(585)] GetFileAttributes C:\Users\99002509\AppData\Local\Temp\scoped_dir8632_882869499\Crashpad: The system cannot find the file specified. (0x2)
[1207/171636.074:ERROR:crash_report_database_win.cc(585)] GetFileAttributes C:\Users\99002509\AppData\Local\Temp\scoped_dir18140_1699362312\Crashpad: The system cannot find the file specified. (0x2)
[1207/172802.535:ERROR:crash_report_database_win.cc(585)] GetFileAttributes C:\Users\99002509\AppData\Local\Temp\scoped_dir3236_1816274780\Crashpad: The system cannot find the file specified. (0x2)
[1207/172919.806:ERROR:crash_report_database_win.cc(585)] GetFileAttributes C:\Users\99002509\AppData\Local\Temp\scoped_dir15988_1057009435\Crashpad: The system cannot find the file specified. (0x2)
[1207/173443.483:ERROR:crash_report_database_win.cc(585)] GetFileAttributes C:\Users\99002509\AppData\Local\Temp\scoped_dir10476_1648559198\Crashpad: The system cannot find the file specified. (0x2)
[1208/095013.279:ERROR:crash_report_database_win.cc(585)] GetFileAttributes C:\Users\99002509\AppData\Local\Temp\scoped_dir8364_1138199391\Crashpad: The system cannot find the file specified. (0x2)
[1208/121101.784:ERROR:crash_report_database_win.cc(585)] GetFileAttributes C:\Users\99002509\AppData\Local\Temp\scoped_dir19876_1682225331\Crashpad: The system cannot find the file specified. (0x2)
[1208/122443.431:ERROR:crash_report_database_win.cc(585)] GetFileAttributes C:\Users\99002509\AppData\Local\Temp\scoped_dir18508_2100039013\Crashpad: The system cannot find the file specified. (0x2)
[1208/122517.344:ERROR:crash_report_database_win.cc(585)] GetFileAttributes C:\Users\99002509\AppData\Local\Temp\scoped_dir17080_465382149\Crashpad: The system cannot find the file specified. (0x2)
[1208/122556.034:ERROR:crash_report_database_win.cc(585)] GetFileAttributes C:\Users\99002509\AppData\Local\Temp\scoped_dir19212_1237207639\Crashpad: The system cannot find the file specified. (0x2)
[1208/122622.783:ERROR:crash_report_database_win.cc(585)] GetFileAttributes C:\Users\99002509\AppData\Local\Temp\scoped_dir20472_986819886\Crashpad: The system cannot find the file specified. (0x2)
[1208/123008.963:ERROR:crash_report_database_win.cc(585)] GetFileAttributes C:\Users\99002509\AppData\Local\Temp\scoped_dir11504_796634383\Crashpad: The system cannot find the file specified. (0x2)
[1208/140701.108:ERROR:crash_report_database_win.cc(585)] GetFileAttributes C:\Users\99002509\AppData\Local\Temp\scoped_dir15800_959962336\Crashpad: The system cannot find the file specified. (0x2)
[1208/140840.598:ERROR:process_reader_win.cc(123)] NtOpenThread: {Access Denied} A process has requested access to an object, but has not been granted those access rights. (0xc0000022)
[1208/140840.651:ERROR:exception_snapshot_win.cc(99)] thread ID 19968 not found in process
[1208/140840.813:ERROR:process_reader_win.cc(123)] NtOpenThread: {Access Denied} A process has requested access to an object, but has not been granted those access rights. (0xc0000022)
[1208/140840.813:ERROR:exception_snapshot_win.cc(99)] thread ID 19448 not found in process
[1208/141047.436:ERROR:crash_report_database_win.cc(585)] GetFileAttributes C:\Users\99002509\AppData\Local\Temp\scoped_dir19916_1929177836\Crashpad: The system cannot find the file specified. (0x2)
[1208/141127.514:ERROR:crash_report_database_win.cc(585)] GetFileAttributes C:\Users\99002509\AppData\Local\Temp\scoped_dir19932_607395136\Crashpad: The system cannot find the file specified. (0x2)
[1208/141241.059:ERROR:crash_report_database_win.cc(585)] GetFileAttributes C:\Users\99002509\AppData\Local\Temp\scoped_dir19064_372755196\Crashpad: The system cannot find the file specified. (0x2)
[1208/141337.552:ERROR:crash_report_database_win.cc(585)] GetFileAttributes C:\Users\99002509\AppData\Local\Temp\scoped_dir19936_1908954363\Crashpad: The system cannot find the file specified. (0x2)
[1208/141934.494:ERROR:crash_report_database_win.cc(585)] GetFileAttributes C:\Users\99002509\AppData\Local\Temp\scoped_dir13544_528545833\Crashpad: The system cannot find the file specified. (0x2)
[1208/142145.941:ERROR:crash_report_database_win.cc(585)] GetFileAttributes C:\Users\99002509\AppData\Local\Temp\scoped_dir15432_830547188\Crashpad: The system cannot find the file specified. (0x2)
[1208/142221.199:ERROR:crash_report_database_win.cc(585)] GetFileAttributes C:\Users\99002509\AppData\Local\Temp\scoped_dir13948_907202827\Crashpad: The system cannot find the file specified. (0x2)
[1208/142743.270:ERROR:crash_report_database_win.cc(585)] GetFileAttributes C:\Users\99002509\AppData\Local\Temp\scoped_dir17492_486401590\Crashpad: The system cannot find the file specified. (0x2)
[1208/142826.531:ERROR:crash_report_database_win.cc(585)] GetFileAttributes C:\Users\99002509\AppData\Local\Temp\scoped_dir18772_862848250\Crashpad: The system cannot find the file specified. (0x2)
[1208/142857.591:ERROR:crash_report_database_win.cc(585)] GetFileAttributes C:\Users\99002509\AppData\Local\Temp\scoped_dir19440_106047334\Crashpad: The system cannot find the file specified. (0x2)
[1208/143134.265:ERROR:crash_report_database_win.cc(585)] GetFileAttributes C:\Users\99002509\AppData\Local\Temp\scoped_dir9316_974543163\Crashpad: The system cannot find the file specified. (0x2)
[1208/143206.270:ERROR:crash_report_database_win.cc(585)] GetFileAttributes C:\Users\99002509\AppData\Local\Temp\scoped_dir16060_1754955791\Crashpad: The system cannot find the file specified. (0x2)
[1208/143312.210:ERROR:crash_report_database_win.cc(585)] GetFileAttributes C:\Users\99002509\AppData\Local\Temp\scoped_dir14176_1089889200\Crashpad: The system cannot find the file specified. (0x2)
[1208/143520.550:ERROR:crash_report_database_win.cc(585)] GetFileAttributes C:\Users\99002509\AppData\Local\Temp\scoped_dir10648_731118598\Crashpad: The system cannot find the file specified. (0x2)
[1208/143642.033:ERROR:crash_report_database_win.cc(585)] GetFileAttributes C:\Users\99002509\AppData\Local\Temp\scoped_dir20100_283273388\Crashpad: The system cannot find the file specified. (0x2)
[1208/143902.851:ERROR:crash_report_database_win.cc(585)] GetFileAttributes C:\Users\99002509\AppData\Local\Temp\scoped_dir8592_34476547\Crashpad: The system cannot find the file specified. (0x2)
[1208/143936.112:ERROR:crash_report_database_win.cc(585)] GetFileAttributes C:\Users\99002509\AppData\Local\Temp\scoped_dir3596_545900099\Crashpad: The system cannot find the file specified. (0x2)
[1208/144008.844:ERROR:crash_report_database_win.cc(585)] GetFileAttributes C:\Users\99002509\AppData\Local\Temp\scoped_dir18756_982496627\Crashpad: The system cannot find the file specified. (0x2)
[1208/144202.032:ERROR:crash_report_database_win.cc(585)] GetFileAttributes C:\Users\99002509\AppData\Local\Temp\scoped_dir2136_819559342\Crashpad: The system cannot find the file specified. (0x2)
[1208/144412.064:ERROR:crash_report_database_win.cc(585)] GetFileAttributes C:\Users\99002509\AppData\Local\Temp\scoped_dir18856_1126923970\Crashpad: The system cannot find the file specified. (0x2)
[1208/144813.654:ERROR:crash_report_database_win.cc(585)] GetFileAttributes C:\Users\99002509\AppData\Local\Temp\scoped_dir2532_1533900912\Crashpad: The system cannot find the file specified. (0x2)
[1208/144902.570:ERROR:crash_report_database_win.cc(585)] GetFileAttributes C:\Users\99002509\AppData\Local\Temp\scoped_dir18768_74709794\Crashpad: The system cannot find the file specified. (0x2)
[1208/145028.585:ERROR:crash_report_database_win.cc(585)] GetFileAttributes C:\Users\99002509\AppData\Local\Temp\scoped_dir19404_951042794\Crashpad: The system cannot find the file specified. (0x2)
[1208/145130.660:ERROR:crash_report_database_win.cc(585)] GetFileAttributes C:\Users\99002509\AppData\Local\Temp\scoped_dir12152_1643940629\Crashpad: The system cannot find the file specified. (0x2)
[1208/145300.574:ERROR:crash_report_database_win.cc(585)] GetFileAttributes C:\Users\99002509\AppData\Local\Temp\scoped_dir12140_1809488934\Crashpad: The system cannot find the file specified. (0x2)
[1208/145348.663:ERROR:crash_report_database_win.cc(585)] GetFileAttributes C:\Users\99002509\AppData\Local\Temp\scoped_dir16940_1269251841\Crashpad: The system cannot find the file specified. (0x2)
[1208/150416.321:ERROR:crash_report_database_win.cc(585)] GetFileAttributes C:\Users\99002509\AppData\Local\Temp\scoped_dir17812_1761388286\Crashpad: The system cannot find the file specified. (0x2)
[1208/150442.572:ERROR:crash_report_database_win.cc(585)] GetFileAttributes C:\Users\99002509\AppData\Local\Temp\scoped_dir15692_1514527241\Crashpad: The system cannot find the file specified. (0x2)
[1208/150510.966:ERROR:crash_report_database_win.cc(585)] GetFileAttributes C:\Users\99002509\AppData\Local\Temp\scoped_dir19328_1097478439\Crashpad: The system cannot find the file specified. (0x2)
[1208/150538.521:ERROR:crash_report_database_win.cc(585)] GetFileAttributes C:\Users\99002509\AppData\Local\Temp\scoped_dir20024_2100834522\Crashpad: The system cannot find the file specified. (0x2)
[1211/094239.471:ERROR:crash_report_database_win.cc(585)] GetFileAttributes C:\Users\99002509\AppData\Local\Temp\scoped_dir14536_1844677877\Crashpad: The system cannot find the file specified. (0x2)
[1211/094402.400:ERROR:crash_report_database_win.cc(585)] GetFileAttributes C:\Users\99002509\AppData\Local\Temp\scoped_dir13440_671327765\Crashpad: The system cannot find the file specified. (0x2)
[1211/095047.774:ERROR:crash_report_database_win.cc(585)] GetFileAttributes C:\Users\99002509\AppData\Local\Temp\scoped_dir7468_525549104\Crashpad: The system cannot find the file specified. (0x2)
[1211/103502.003:ERROR:directory_reader_win.cc(43)] FindFirstFile: The system cannot find the path specified. (0x3)
[1211/140549.132:ERROR:crash_report_database_win.cc(585)] GetFileAttributes C:\Users\99002509\AppData\Local\Temp\scoped_dir13248_1679323643\Crashpad: The system cannot find the file specified. (0x2)
[1211/140708.845:ERROR:crash_report_database_win.cc(585)] GetFileAttributes C:\Users\99002509\AppData\Local\Temp\scoped_dir1540_569047136\Crashpad: The system cannot find the file specified. (0x2)
[1211/141406.368:ERROR:crash_report_database_win.cc(585)] GetFileAttributes C:\Users\99002509\AppData\Local\Temp\scoped_dir1784_1050734393\Crashpad: The system cannot find the file specified. (0x2)
[1211/141441.012:ERROR:crash_report_database_win.cc(585)] GetFileAttributes C:\Users\99002509\AppData\Local\Temp\scoped_dir19088_122780825\Crashpad: The system cannot find the file specified. (0x2)
[1211/141525.305:ERROR:crash_report_database_win.cc(585)] GetFileAttributes C:\Users\99002509\AppData\Local\Temp\scoped_dir696_833718751\Crashpad: The system cannot find the file specified. (0x2)
[1211/141738.226:ERROR:crash_report_database_win.cc(585)] GetFileAttributes C:\Users\99002509\AppData\Local\Temp\scoped_dir10076_10633683\Crashpad: The system cannot find the file specified. (0x2)
[1211/142349.174:ERROR:crash_report_database_win.cc(585)] GetFileAttributes C:\Users\99002509\AppData\Local\Temp\scoped_dir13056_1016284873\Crashpad: The system cannot find the file specified. (0x2)
[1211/142729.824:ERROR:crash_report_database_win.cc(585)] GetFileAttributes C:\Users\99002509\AppData\Local\Temp\scoped_dir13136_2002504326\Crashpad: The system cannot find the file specified. (0x2)
[1211/143347.857:ERROR:crash_report_database_win.cc(585)] GetFileAttributes C:\Users\99002509\AppData\Local\Temp\scoped_dir18344_681314204\Crashpad: The system cannot find the file specified. (0x2)
[1211/143428.570:ERROR:crash_report_database_win.cc(585)] GetFileAttributes C:\Users\99002509\AppData\Local\Temp\scoped_dir16156_1112647078\Crashpad: The system cannot find the file specified. (0x2)
[1211/144121.461:ERROR:crash_report_database_win.cc(585)] GetFileAttributes C:\Users\99002509\AppData\Local\Temp\scoped_dir13672_190991930\Crashpad: The system cannot find the file specified. (0x2)
[1211/144250.595:ERROR:crash_report_database_win.cc(585)] GetFileAttributes C:\Users\99002509\AppData\Local\Temp\scoped_dir8588_421619277\Crashpad: The system cannot find the file specified. (0x2)
[1211/144842.778:ERROR:crash_report_database_win.cc(585)] GetFileAttributes C:\Users\99002509\AppData\Local\Temp\scoped_dir16376_57272135\Crashpad: The system cannot find the file specified. (0x2)
[1211/144914.747:ERROR:crash_report_database_win.cc(585)] GetFileAttributes C:\Users\99002509\AppData\Local\Temp\scoped_dir13448_459371748\Crashpad: The system cannot find the file specified. (0x2)
[1211/145906.412:ERROR:crash_report_database_win.cc(585)] GetFileAttributes C:\Users\99002509\AppData\Local\Temp\scoped_dir12616_2060254695\Crashpad: The system cannot find the file specified. (0x2)
[1211/150328.674:ERROR:crash_report_database_win.cc(585)] GetFileAttributes C:\Users\99002509\AppData\Local\Temp\scoped_dir19324_1864171688\Crashpad: The system cannot find the file specified. (0x2)
[1211/151014.280:ERROR:crash_report_database_win.cc(585)] GetFileAttributes C:\Users\99002509\AppData\Local\Temp\scoped_dir14504_2040922105\Crashpad: The system cannot find the file specified. (0x2)
[1211/151946.786:ERROR:crash_report_database_win.cc(585)] GetFileAttributes C:\Users\99002509\AppData\Local\Temp\scoped_dir13064_1332892248\Crashpad: The system cannot find the file specified. (0x2)
[1211/152624.874:ERROR:crash_report_database_win.cc(585)] GetFileAttributes C:\Users\99002509\AppData\Local\Temp\scoped_dir16172_1828149631\Crashpad: The system cannot find the file specified. (0x2)
[1211/152710.918:ERROR:crash_report_database_win.cc(585)] GetFileAttributes C:\Users\99002509\AppData\Local\Temp\scoped_dir9876_1167214376\Crashpad: The system cannot find the file specified. (0x2)
[1211/153640.140:ERROR:crash_report_database_win.cc(585)] GetFileAttributes C:\Users\99002509\AppData\Local\Temp\scoped_dir4628_657642782\Crashpad: The system cannot find the file specified. (0x2)
[1211/153904.975:ERROR:crash_report_database_win.cc(585)] GetFileAttributes C:\Users\99002509\AppData\Local\Temp\scoped_dir368_460917076\Crashpad: The system cannot find the file specified. (0x2)
[1211/154829.749:ERROR:crash_report_database_win.cc(585)] GetFileAttributes C:\Users\99002509\AppData\Local\Temp\scoped_dir20788_1398299130\Crashpad: The system cannot find the file specified. (0x2)
[1211/154907.502:ERROR:crash_report_database_win.cc(585)] GetFileAttributes C:\Users\99002509\AppData\Local\Temp\scoped_dir504_1946423750\Crashpad: The system cannot find the file specified. (0x2)
[1211/155007.207:ERROR:crash_report_database_win.cc(585)] GetFileAttributes C:\Users\99002509\AppData\Local\Temp\scoped_dir21284_1383879460\Crashpad: The system cannot find the file specified. (0x2)
[1211/155143.243:ERROR:crash_report_database_win.cc(585)] GetFileAttributes C:\Users\99002509\AppData\Local\Temp\scoped_dir1928_116097269\Crashpad: The system cannot find the file specified. (0x2)
[1211/155228.904:ERROR:crash_report_database_win.cc(585)] GetFileAttributes C:\Users\99002509\AppData\Local\Temp\scoped_dir14008_1519724805\Crashpad: The system cannot find the file specified. (0x2)
[1211/155356.624:ERROR:crash_report_database_win.cc(585)] GetFileAttributes C:\Users\99002509\AppData\Local\Temp\scoped_dir8772_1781951258\Crashpad: The system cannot find the file specified. (0x2)
[1211/155632.442:ERROR:crash_report_database_win.cc(585)] GetFileAttributes C:\Users\99002509\AppData\Local\Temp\scoped_dir6180_670574402\Crashpad: The system cannot find the file specified. (0x2)
[1211/155710.530:ERROR:crash_report_database_win.cc(585)] GetFileAttributes C:\Users\99002509\AppData\Local\Temp\scoped_dir8348_1073019882\Crashpad: The system cannot find the file specified. (0x2)
[1211/155752.691:ERROR:crash_report_database_win.cc(585)] GetFileAttributes C:\Users\99002509\AppData\Local\Temp\scoped_dir9404_817816822\Crashpad: The system cannot find the file specified. (0x2)
[1211/160035.625:ERROR:crash_report_database_win.cc(585)] GetFileAttributes C:\Users\99002509\AppData\Local\Temp\scoped_dir6784_563554572\Crashpad: The system cannot find the file specified. (0x2)
[1211/161211.036:ERROR:crash_report_database_win.cc(585)] GetFileAttributes C:\Users\99002509\AppData\Local\Temp\scoped_dir4068_499516935\Crashpad: The system cannot find the file specified. (0x2)
[1211/161246.007:ERROR:crash_report_database_win.cc(585)] GetFileAttributes C:\Users\99002509\AppData\Local\Temp\scoped_dir11384_1902616794\Crashpad: The system cannot find the file specified. (0x2)
[1211/162520.533:ERROR:crash_report_database_win.cc(585)] GetFileAttributes C:\Users\99002509\AppData\Local\Temp\scoped_dir1984_1155309658\Crashpad: The system cannot find the file specified. (0x2)
[1211/162551.103:ERROR:crash_report_database_win.cc(585)] GetFileAttributes C:\Users\99002509\AppData\Local\Temp\scoped_dir8628_350649324\Crashpad: The system cannot find the file specified. (0x2)
[1211/162705.454:ERROR:crash_report_database_win.cc(585)] GetFileAttributes C:\Users\99002509\AppData\Local\Temp\scoped_dir12652_499142809\Crashpad: The system cannot find the file specified. (0x2)
[1211/162759.233:ERROR:crash_report_database_win.cc(585)] GetFileAttributes C:\Users\99002509\AppData\Local\Temp\scoped_dir9976_200805702\Crashpad: The system cannot find the file specified. (0x2)
[1211/163234.833:ERROR:crash_report_database_win.cc(585)] GetFileAttributes C:\Users\99002509\AppData\Local\Temp\scoped_dir10172_1207961127\Crashpad: The system cannot find the file specified. (0x2)
[1211/163702.069:ERROR:crash_report_database_win.cc(585)] GetFileAttributes C:\Users\99002509\AppData\Local\Temp\scoped_dir19728_133025299\Crashpad: The system cannot find the file specified. (0x2)
[1211/163749.554:ERROR:crash_report_database_win.cc(585)] GetFileAttributes C:\Users\99002509\AppData\Local\Temp\scoped_dir18684_382880880\Crashpad: The system cannot find the file specified. (0x2)
[1211/163849.484:ERROR:crash_report_database_win.cc(585)] GetFileAttributes C:\Users\99002509\AppData\Local\Temp\scoped_dir13896_1126830212\Crashpad: The system cannot find the file specified. (0x2)
[1211/164136.629:ERROR:crash_report_database_win.cc(585)] GetFileAttributes C:\Users\99002509\AppData\Local\Temp\scoped_dir4784_1288763778\Crashpad: The system cannot find the file specified. (0x2)
[1211/164346.706:ERROR:crash_report_database_win.cc(585)] GetFileAttributes C:\Users\99002509\AppData\Local\Temp\scoped_dir1292_90828652\Crashpad: The system cannot find the file specified. (0x2)
[1211/164407.531:ERROR:crash_report_database_win.cc(585)] GetFileAttributes C:\Users\99002509\AppData\Local\Temp\scoped_dir5148_1645054535\Crashpad: The system cannot find the file specified. (0x2)
[1211/164441.012:ERROR:crash_report_database_win.cc(585)] GetFileAttributes C:\Users\99002509\AppData\Local\Temp\scoped_dir6900_1202505692\Crashpad: The system cannot find the file specified. (0x2)
[1211/164706.262:ERROR:crash_report_database_win.cc(585)] GetFileAttributes C:\Users\99002509\AppData\Local\Temp\scoped_dir17144_1924550426\Crashpad: The system cannot find the file specified. (0x2)
[1211/164852.517:ERROR:crash_report_database_win.cc(585)] GetFileAttributes C:\Users\99002509\AppData\Local\Temp\scoped_dir2648_451447382\Crashpad: The system cannot find the file specified. (0x2)
[1212/093119.505:ERROR:crash_report_database_win.cc(585)] GetFileAttributes C:\Users\99002509\AppData\Local\Temp\scoped_dir7340_872953009\Crashpad: The system cannot find the file specified. (0x2)
[1212/093150.937:ERROR:crash_report_database_win.cc(585)] GetFileAttributes C:\Users\99002509\AppData\Local\Temp\scoped_dir13224_1999124247\Crashpad: The system cannot find the file specified. (0x2)
[1212/094254.804:ERROR:crash_report_database_win.cc(585)] GetFileAttributes C:\Users\99002509\AppData\Local\Temp\scoped_dir5144_1094323998\Crashpad: The system cannot find the file specified. (0x2)
[1212/095634.479:ERROR:crash_report_database_win.cc(585)] GetFileAttributes C:\Users\99002509\AppData\Local\Temp\scoped_dir16280_1232351219\Crashpad: The system cannot find the file specified. (0x2)
[1212/101051.338:ERROR:crash_report_database_win.cc(585)] GetFileAttributes C:\Users\99002509\AppData\Local\Temp\scoped_dir7808_1559220577\Crashpad: The system cannot find the file specified. (0x2)
[1212/101137.582:ERROR:crash_report_database_win.cc(585)] GetFileAttributes C:\Users\99002509\AppData\Local\Temp\scoped_dir12896_637712744\Crashpad: The system cannot find the file specified. (0x2)
[1212/101707.255:ERROR:crash_report_database_win.cc(585)] GetFileAttributes C:\Users\99002509\AppData\Local\Temp\scoped_dir15060_1475259790\Crashpad: The system cannot find the file specified. (0x2)
[1212/101740.959:ERROR:crash_report_database_win.cc(585)] GetFileAttributes C:\Users\99002509\AppData\Local\Temp\scoped_dir13984_1660318760\Crashpad: The system cannot find the file specified. (0x2)
[1212/112544.730:ERROR:crash_report_database_win.cc(585)] GetFileAttributes C:\Users\99002509\AppData\Local\Temp\scoped_dir17088_81770308\Crashpad: The system cannot find the file specified. (0x2)
[1212/112946.466:ERROR:crash_report_database_win.cc(585)] GetFileAttributes C:\Users\99002509\AppData\Local\Temp\scoped_dir21440_1836941081\Crashpad: The system cannot find the file specified. (0x2)
[1212/113358.336:ERROR:crash_report_database_win.cc(585)] GetFileAttributes C:\Users\99002509\AppData\Local\Temp\scoped_dir2168_1388944424\Crashpad: The system cannot find the file specified. (0x2)
[1212/113606.688:ERROR:crash_report_database_win.cc(585)] GetFileAttributes C:\Users\99002509\AppData\Local\Temp\scoped_dir11340_1636520934\Crashpad: The system cannot find the file specified. (0x2)
[1212/114001.208:ERROR:crash_report_database_win.cc(585)] GetFileAttributes C:\Users\99002509\AppData\Local\Temp\scoped_dir9360_1030306633\Crashpad: The system cannot find the file specified. (0x2)
[1214/140434.953:ERROR:crash_report_database_win.cc(585)] GetFileAttributes C:\Users\99002509\AppData\Local\Temp\scoped_dir16664_186520404\Crashpad: The system cannot find the file specified. (0x2)
[1214/141752.472:ERROR:crash_report_database_win.cc(585)] GetFileAttributes C:\Users\99002509\AppData\Local\Temp\scoped_dir15124_1753343096\Crashpad: The system cannot find the file specified. (0x2)
[1214/142642.767:ERROR:crash_report_database_win.cc(585)] GetFileAttributes C:\Users\99002509\AppData\Local\Temp\scoped_dir12252_2102702507\Crashpad: The system cannot find the file specified. (0x2)
[1214/142915.737:ERROR:process_reader_win.cc(123)] NtOpenThread: {Access Denied} A process has requested access to an object, but has not been granted those access rights. (0xc0000022)
[1214/142915.775:ERROR:exception_snapshot_win.cc(99)] thread ID 9316 not found in process
[1214/143300.289:ERROR:crash_report_database_win.cc(585)] GetFileAttributes C:\Users\99002509\AppData\Local\Temp\scoped_dir13428_1368337843\Crashpad: The system cannot find the file specified. (0x2)
[1214/144729.562:ERROR:crash_report_database_win.cc(585)] GetFileAttributes C:\Users\99002509\AppData\Local\Temp\scoped_dir12240_98107722\Crashpad: The system cannot find the file specified. (0x2)
[1214/144804.276:ERROR:crash_report_database_win.cc(585)] GetFileAttributes C:\Users\99002509\AppData\Local\Temp\scoped_dir18164_1960321329\Crashpad: The system cannot find the file specified. (0x2)
[1214/152353.056:ERROR:process_reader_win.cc(123)] NtOpenThread: {Access Denied} A process has requested access to an object, but has not been granted those access rights. (0xc0000022)
[1214/152353.115:ERROR:exception_snapshot_win.cc(99)] thread ID 16400 not found in process
[1214/152353.180:ERROR:process_reader_win.cc(123)] NtOpenThread: {Access Denied} A process has requested access to an object, but has not been granted those access rights. (0xc0000022)
[1214/152353.180:ERROR:exception_snapshot_win.cc(99)] thread ID 11556 not found in process
[1214/153207.071:ERROR:process_reader_win.cc(123)] NtOpenThread: {Access Denied} A process has requested access to an object, but has not been granted those access rights. (0xc0000022)
[1214/153207.129:ERROR:exception_snapshot_win.cc(99)] thread ID 16088 not found in process
[1214/153207.182:ERROR:process_reader_win.cc(151)] SuspendThread: Access is denied. (0x5)
[1214/153207.183:ERROR:process_reader_win.cc(123)] NtOpenThread: {Access Denied} A process has requested access to an object, but has not been granted those access rights. (0xc0000022)
[1214/153207.183:ERROR:exception_snapshot_win.cc(99)] thread ID 14028 not found in process
[1214/153316.904:ERROR:crash_report_database_win.cc(585)] GetFileAttributes C:\Users\99002509\AppData\Local\Temp\scoped_dir16088_1552021093\Crashpad: The system cannot find the file specified. (0x2)
[1214/153449.908:ERROR:crash_report_database_win.cc(585)] GetFileAttributes C:\Users\99002509\AppData\Local\Temp\scoped_dir12432_282474400\Crashpad: The system cannot find the file specified. (0x2)
[1214/153547.478:ERROR:crash_report_database_win.cc(585)] GetFileAttributes C:\Users\99002509\AppData\Local\Temp\scoped_dir17296_2111704560\Crashpad: The system cannot find the file specified. (0x2)
[1214/153638.393:ERROR:crash_report_database_win.cc(585)] GetFileAttributes C:\Users\99002509\AppData\Local\Temp\scoped_dir9344_1213241461\Crashpad: The system cannot find the file specified. (0x2)
[1214/162322.975:ERROR:crash_report_database_win.cc(585)] GetFileAttributes C:\Users\99002509\AppData\Local\Temp\scoped_dir8788_1557349766\Crashpad: The system cannot find the file specified. (0x2)
[1214/162444.512:ERROR:crash_report_database_win.cc(585)] GetFileAttributes C:\Users\99002509\AppData\Local\Temp\scoped_dir5540_25765688\Crashpad: The system cannot find the file specified. (0x2)
[1214/162816.725:ERROR:crash_report_database_win.cc(585)] GetFileAttributes C:\Users\99002509\AppData\Local\Temp\scoped_dir9656_1958488232\Crashpad: The system cannot find the file specified. (0x2)
[1214/163002.696:ERROR:crash_report_database_win.cc(585)] GetFileAttributes C:\Users\99002509\AppData\Local\Temp\scoped_dir6400_1604654304\Crashpad: The system cannot find the file specified. (0x2)
[1214/163143.966:ERROR:crash_report_database_win.cc(585)] GetFileAttributes C:\Users\99002509\AppData\Local\Temp\scoped_dir7600_1243012216\Crashpad: The system cannot find the file specified. (0x2)
